0 info it worked if it ends with ok
1 verbose cli [ '/usr/bin/node',
1 verbose cli   '/usr/bin/npm',
1 verbose cli   'install',
1 verbose cli   '-g',
1 verbose cli   'node',
1 verbose cli   '8.9.0' ]
2 info using npm@3.5.2
3 info using node@v10.15.3
4 silly loadCurrentTree Starting
5 silly install loadCurrentTree
6 silly install readGlobalPackageData
7 silly fetchPackageMetaData node
8 silly fetchPackageMetaData 8.9.0
9 silly fetchNamedPackageData node
10 silly mapToRegistry name node
11 silly mapToRegistry using default registry
12 silly mapToRegistry registry https://registry.npmjs.org/
13 silly mapToRegistry uri https://registry.npmjs.org/node
14 silly fetchNamedPackageData 8.9.0
15 silly mapToRegistry name 8.9.0
16 silly mapToRegistry using default registry
17 silly mapToRegistry registry https://registry.npmjs.org/
18 silly mapToRegistry uri https://registry.npmjs.org/8.9.0
19 verbose request uri https://registry.npmjs.org/node
20 verbose request no auth needed
21 info attempt registry request try #1 at 00:40:26
22 verbose request id 7aa14ca8570aca2b
23 http request GET https://registry.npmjs.org/node
24 verbose request uri https://registry.npmjs.org/8.9.0
25 verbose request no auth needed
26 info attempt registry request try #1 at 00:40:26
27 http request GET https://registry.npmjs.org/8.9.0
28 http 200 https://registry.npmjs.org/8.9.0
29 verbose headers { date: 'Wed, 27 Mar 2019 03:40:27 GMT',
29 verbose headers   'content-type': 'application/json; charset=UTF-8',
29 verbose headers   'transfer-encoding': 'chunked',
29 verbose headers   connection: 'keep-alive',
29 verbose headers   'set-cookie':
29 verbose headers    [ '__cfduid=da559c988796023eb5b0c06332bfa2bb41553658027; expires=Thu, 26-Mar-20 03:40:27 GMT; path=/; domain=.registry.npmjs.org; HttpOnly' ],
29 verbose headers   'cf-cache-status': 'MISS',
29 verbose headers   'cache-control': 'max-age=300',
29 verbose headers   'cf-ray': '4bde57cdafbc4c6c-GRU',
29 verbose headers   etag: 'W/"607642d9eb37dfc4449164d28056b9b8"',
29 verbose headers   'expect-ct': 'max-age=604800, report-uri="https://report-uri.cloudflare.com/cdn-cgi/beacon/expect-ct"',
29 verbose headers   'last-modified': 'Sat, 26 May 2018 14:11:03 GMT',
29 verbose headers   vary: 'accept-encoding, accept',
29 verbose headers   server: 'cloudflare',
29 verbose headers   'content-encoding': 'gzip' }
30 silly get cb [ 200,
30 silly get   { date: 'Wed, 27 Mar 2019 03:40:27 GMT',
30 silly get     'content-type': 'application/json; charset=UTF-8',
30 silly get     'transfer-encoding': 'chunked',
30 silly get     connection: 'keep-alive',
30 silly get     'set-cookie':
30 silly get      [ '__cfduid=da559c988796023eb5b0c06332bfa2bb41553658027; expires=Thu, 26-Mar-20 03:40:27 GMT; path=/; domain=.registry.npmjs.org; HttpOnly' ],
30 silly get     'cf-cache-status': 'MISS',
30 silly get     'cache-control': 'max-age=300',
30 silly get     'cf-ray': '4bde57cdafbc4c6c-GRU',
30 silly get     etag: 'W/"607642d9eb37dfc4449164d28056b9b8"',
30 silly get     'expect-ct': 'max-age=604800, report-uri="https://report-uri.cloudflare.com/cdn-cgi/beacon/expect-ct"',
30 silly get     'last-modified': 'Sat, 26 May 2018 14:11:03 GMT',
30 silly get     vary: 'accept-encoding, accept',
30 silly get     server: 'cloudflare',
30 silly get     'content-encoding': 'gzip' } ]
31 verbose get saving 8.9.0 to /home/renan/.npm/registry.npmjs.org/8.9.0/.cache.json
32 verbose stack TypeError: Cannot convert undefined or null to object
32 verbose stack     at Function.keys (<anonymous>)
32 verbose stack     at pickVersionFromRegistryDocument (/usr/share/npm/lib/fetch-package-metadata.js:121:29)
32 verbose stack     at /usr/share/npm/node_modules/iferr/index.js:13:50
32 verbose stack     at /usr/share/npm/lib/utils/pulse-till-done.js:19:8
32 verbose stack     at saved (/usr/share/npm/lib/cache/caching-client.js:168:7)
32 verbose stack     at /usr/share/npm/node_modules/graceful-fs/polyfills.js:210:7
32 verbose stack     at FSReqWrap.oncomplete (fs.js:135:15)
33 verbose cwd /home/renan/Documentos/Projetos/90soutlet
34 error Linux 4.18.0-16-generic
35 error argv "/usr/bin/node" "/usr/bin/npm" "install" "-g" "node" "8.9.0"
36 error node v8.10.0
37 error npm  v3.5.2
38 error Cannot convert undefined or null to object
39 error If you need help, you may report this error at:
39 error     <https://github.com/npm/npm/issues>
40 verbose exit [ 1, true ]
